2026-01-08T00:19:27.172Z  INFO 24184 --- [registo-horas-service] [main] c.a.r.RegistoHorasServiceApplication     : Starting RegistoHorasServiceApplication using Java 23.0.1 with PID 24184 (D:\Exemplo projecto\microserviços\registo-horas-service\target\classes started by User in D:\Exemplo projecto\microserviços\registo-horas-service)
2026-01-08T00:19:27.177Z  INFO 24184 --- [registo-horas-service] [main] c.a.r.RegistoHorasServiceApplication     : The following 1 profile is active: "dev"
2026-01-08T00:19:28.247Z  INFO 24184 --- [registo-horas-service] [main] .s.d.r.c.RepositoryConfigurationDelegate : Bootstrapping Spring Data JPA repositories in DEFAULT mode.
2026-01-08T00:19:28.361Z  INFO 24184 --- [registo-horas-service] [main] .s.d.r.c.RepositoryConfigurationDelegate : Finished Spring Data repository scanning in 107 ms. Found 5 JPA repository interfaces.
2026-01-08T00:19:28.773Z  INFO 24184 --- [registo-horas-service] [main] o.s.b.w.embedded.tomcat.TomcatWebServer  : Tomcat initialized with port 8083 (http)
2026-01-08T00:19:28.783Z  INFO 24184 --- [registo-horas-service] [main] o.apache.catalina.core.StandardService   : Starting service [Tomcat]
2026-01-08T00:19:28.783Z  INFO 24184 --- [registo-horas-service] [main] o.apache.catalina.core.StandardEngine    : Starting Servlet engine: [Apache Tomcat/10.1.48]
2026-01-08T00:19:28.837Z  INFO 24184 --- [registo-horas-service] [main] o.a.c.c.C.[Tomcat].[localhost].[/]       : Initializing Spring embedded WebApplicationContext
2026-01-08T00:19:28.838Z  INFO 24184 --- [registo-horas-service] [main] w.s.c.ServletWebServerApplicationContext : Root WebApplicationContext: initialization completed in 1614 ms
2026-01-08T00:19:29.503Z  INFO 24184 --- [registo-horas-service] [main] o.hibernate.jpa.internal.util.LogHelper  : HHH000204: Processing PersistenceUnitInfo [name: default]
2026-01-08T00:19:29.537Z  INFO 24184 --- [registo-horas-service] [main] org.hibernate.Version                    : HHH000412: Hibernate ORM core version 6.6.33.Final
2026-01-08T00:19:29.561Z  INFO 24184 --- [registo-horas-service] [main] o.h.c.internal.RegionFactoryInitiator    : HHH000026: Second-level cache disabled
2026-01-08T00:19:29.756Z  INFO 24184 --- [registo-horas-service] [main] o.s.o.j.p.SpringPersistenceUnitInfo      : No LoadTimeWeaver setup: ignoring JPA class transformer
2026-01-08T00:19:29.787Z  INFO 24184 --- [registo-horas-service] [main] com.zaxxer.hikari.HikariDataSource       : HikariPool-1 - Starting...
2026-01-08T00:19:29.893Z  INFO 24184 --- [registo-horas-service] [main] com.zaxxer.hikari.pool.HikariPool        : HikariPool-1 - Added connection org.postgresql.jdbc.PgConnection@714a4ba2
2026-01-08T00:19:29.894Z  INFO 24184 --- [registo-horas-service] [main] com.zaxxer.hikari.HikariDataSource       : HikariPool-1 - Start completed.
2026-01-08T00:19:29.927Z  WARN 24184 --- [registo-horas-service] [main] org.hibernate.orm.deprecation            : HHH90000025: PostgreSQLDialect does not need to be specified explicitly using 'hibernate.dialect' (remove the property setting and it will be selected by default)
2026-01-08T00:19:29.942Z  INFO 24184 --- [registo-horas-service] [main] org.hibernate.orm.connections.pooling    : HHH10001005: Database info:
	Database JDBC URL [Connecting through datasource 'HikariDataSource (HikariPool-1)']
	Database driver: undefined/unknown
	Database version: 15.15
	Autocommit mode: undefined/unknown
	Isolation level: undefined/unknown
	Minimum pool size: undefined/unknown
	Maximum pool size: undefined/unknown
2026-01-08T00:19:30.623Z  INFO 24184 --- [registo-horas-service] [main] o.h.e.t.j.p.i.JtaPlatformInitiator       : HHH000489: No JTA platform available (set 'hibernate.transaction.jta.platform' to enable JTA platform integration)
2026-01-08T00:19:30.681Z  INFO 24184 --- [registo-horas-service] [main] j.LocalContainerEntityManagerFactoryBean : Initialized JPA EntityManagerFactory for persistence unit 'default'
2026-01-08T00:19:31.113Z  INFO 24184 --- [registo-horas-service] [main] o.s.d.j.r.query.QueryEnhancerFactory     : Hibernate is in classpath; If applicable, HQL parser will be used.
2026-01-08T00:19:32.613Z  INFO 24184 --- [registo-horas-service] [main] o.s.b.a.e.web.EndpointLinksResolver      : Exposing 5 endpoints beneath base path '/actuator'
2026-01-08T00:19:32.643Z  WARN 24184 --- [registo-horas-service] [main] .s.s.UserDetailsServiceAutoConfiguration : 

Using generated security password: bd8f6bd4-3008-461a-a5ca-dc2598ae30a0

This generated password is for development use only. Your security configuration must be updated before running your application in production.

2026-01-08T00:19:32.648Z  INFO 24184 --- [registo-horas-service] [main] r$InitializeUserDetailsManagerConfigurer : Global AuthenticationManager configured with UserDetailsService bean with name inMemoryUserDetailsManager
2026-01-08T00:19:33.121Z  INFO 24184 --- [registo-horas-service] [main] o.s.b.w.embedded.tomcat.TomcatWebServer  : Tomcat started on port 8083 (http) with context path '/'
2026-01-08T00:19:33.131Z  INFO 24184 --- [registo-horas-service] [main] c.a.r.RegistoHorasServiceApplication     : Started RegistoHorasServiceApplication in 6.475 seconds (process running for 7.368)
2026-01-08T00:19:33.702Z  INFO 24184 --- [registo-horas-service] [RMI TCP Connection(2)-172.29.128.1] o.a.c.c.C.[Tomcat].[localhost].[/]       : Initializing Spring DispatcherServlet 'dispatcherServlet'
2026-01-08T00:19:33.702Z  INFO 24184 --- [registo-horas-service] [RMI TCP Connection(2)-172.29.128.1] o.s.web.servlet.DispatcherServlet        : Initializing Servlet 'dispatcherServlet'
2026-01-08T00:19:33.703Z  INFO 24184 --- [registo-horas-service] [RMI TCP Connection(4)-172.29.128.1] o.s.a.r.c.CachingConnectionFactory       : Attempting to connect to: [localhost:5672]
2026-01-08T00:19:33.703Z  INFO 24184 --- [registo-horas-service] [RMI TCP Connection(2)-172.29.128.1] o.s.web.servlet.DispatcherServlet        : Completed initialization in 1 ms
2026-01-08T00:19:33.756Z  INFO 24184 --- [registo-horas-service] [RMI TCP Connection(4)-172.29.128.1] o.s.a.r.c.CachingConnectionFactory       : Created new connection: rabbitConnectionFactory#1c097e3:0/SimpleConnection@556ca63c [delegate=amqp://guest@127.0.0.1:5672/, localPort=49745]
2026-01-08T00:20:15.365Z  INFO 24184 --- [registo-horas-service] [http-nio-8083-exec-1] c.a.r.s.impl.TrainingPlanServiceImpl     :  Aprocura plano ativo e concluído na base para o utilizador: neto
2026-01-08T00:22:57.047Z  INFO 24184 --- [registo-horas-service] [SpringApplicationShutdownHook] o.s.b.w.e.tomcat.GracefulShutdown        : Commencing graceful shutdown. Waiting for active requests to complete
2026-01-08T00:22:57.051Z  INFO 24184 --- [registo-horas-service] [tomcat-shutdown] o.s.b.w.e.tomcat.GracefulShutdown        : Graceful shutdown complete
2026-01-08T00:22:59.130Z  INFO 24184 --- [registo-horas-service] [SpringApplicationShutdownHook] j.LocalContainerEntityManagerFactoryBean : Closing JPA EntityManagerFactory for persistence unit 'default'
2026-01-08T00:22:59.132Z  INFO 24184 --- [registo-horas-service] [SpringApplicationShutdownHook] com.zaxxer.hikari.HikariDataSource       : HikariPool-1 - Shutdown initiated...
2026-01-08T00:22:59.134Z  INFO 24184 --- [registo-horas-service] [SpringApplicationShutdownHook] com.zaxxer.hikari.HikariDataSource       : HikariPool-1 - Shutdown completed.
2026-01-08T00:23:01.684Z  INFO 38608 --- [registo-horas-service] [main] c.a.r.RegistoHorasServiceApplication     : Starting RegistoHorasServiceApplication using Java 23.0.1 with PID 38608 (D:\Exemplo projecto\microserviços\registo-horas-service\target\classes started by User in D:\Exemplo projecto\microserviços\registo-horas-service)
2026-01-08T00:23:01.686Z  INFO 38608 --- [registo-horas-service] [main] c.a.r.RegistoHorasServiceApplication     : The following 1 profile is active: "dev"
2026-01-08T00:23:02.599Z  INFO 38608 --- [registo-horas-service] [main] .s.d.r.c.RepositoryConfigurationDelegate : Bootstrapping Spring Data JPA repositories in DEFAULT mode.
2026-01-08T00:23:02.721Z  INFO 38608 --- [registo-horas-service] [main] .s.d.r.c.RepositoryConfigurationDelegate : Finished Spring Data repository scanning in 115 ms. Found 5 JPA repository interfaces.
2026-01-08T00:23:03.154Z  INFO 38608 --- [registo-horas-service] [main] o.s.b.w.embedded.tomcat.TomcatWebServer  : Tomcat initialized with port 8083 (http)
2026-01-08T00:23:03.165Z  INFO 38608 --- [registo-horas-service] [main] o.apache.catalina.core.StandardService   : Starting service [Tomcat]
2026-01-08T00:23:03.165Z  INFO 38608 --- [registo-horas-service] [main] o.apache.catalina.core.StandardEngine    : Starting Servlet engine: [Apache Tomcat/10.1.48]
2026-01-08T00:23:03.218Z  INFO 38608 --- [registo-horas-service] [main] o.a.c.c.C.[Tomcat].[localhost].[/]       : Initializing Spring embedded WebApplicationContext
2026-01-08T00:23:03.219Z  INFO 38608 --- [registo-horas-service] [main] w.s.c.ServletWebServerApplicationContext : Root WebApplicationContext: initialization completed in 1480 ms
2026-01-08T00:23:03.911Z  INFO 38608 --- [registo-horas-service] [main] o.hibernate.jpa.internal.util.LogHelper  : HHH000204: Processing PersistenceUnitInfo [name: default]
2026-01-08T00:23:03.962Z  INFO 38608 --- [registo-horas-service] [main] org.hibernate.Version                    : HHH000412: Hibernate ORM core version 6.6.33.Final
2026-01-08T00:23:03.988Z  INFO 38608 --- [registo-horas-service] [main] o.h.c.internal.RegionFactoryInitiator    : HHH000026: Second-level cache disabled
2026-01-08T00:23:04.208Z  INFO 38608 --- [registo-horas-service] [main] o.s.o.j.p.SpringPersistenceUnitInfo      : No LoadTimeWeaver setup: ignoring JPA class transformer
2026-01-08T00:23:04.234Z  INFO 38608 --- [registo-horas-service] [main] com.zaxxer.hikari.HikariDataSource       : HikariPool-1 - Starting...
2026-01-08T00:23:04.337Z  INFO 38608 --- [registo-horas-service] [main] com.zaxxer.hikari.pool.HikariPool        : HikariPool-1 - Added connection org.postgresql.jdbc.PgConnection@6015c745
2026-01-08T00:23:04.339Z  INFO 38608 --- [registo-horas-service] [main] com.zaxxer.hikari.HikariDataSource       : HikariPool-1 - Start completed.
2026-01-08T00:23:04.362Z  WARN 38608 --- [registo-horas-service] [main] org.hibernate.orm.deprecation            : HHH90000025: PostgreSQLDialect does not need to be specified explicitly using 'hibernate.dialect' (remove the property setting and it will be selected by default)
2026-01-08T00:23:04.379Z  INFO 38608 --- [registo-horas-service] [main] org.hibernate.orm.connections.pooling    : HHH10001005: Database info:
	Database JDBC URL [Connecting through datasource 'HikariDataSource (HikariPool-1)']
	Database driver: undefined/unknown
	Database version: 15.15
	Autocommit mode: undefined/unknown
	Isolation level: undefined/unknown
	Minimum pool size: undefined/unknown
	Maximum pool size: undefined/unknown
2026-01-08T00:23:05.111Z  INFO 38608 --- [registo-horas-service] [main] o.h.e.t.j.p.i.JtaPlatformInitiator       : HHH000489: No JTA platform available (set 'hibernate.transaction.jta.platform' to enable JTA platform integration)
2026-01-08T00:23:05.165Z  INFO 38608 --- [registo-horas-service] [main] j.LocalContainerEntityManagerFactoryBean : Initialized JPA EntityManagerFactory for persistence unit 'default'
2026-01-08T00:23:05.652Z  INFO 38608 --- [registo-horas-service] [main] o.s.d.j.r.query.QueryEnhancerFactory     : Hibernate is in classpath; If applicable, HQL parser will be used.
2026-01-08T00:23:07.216Z  INFO 38608 --- [registo-horas-service] [main] o.s.b.a.e.web.EndpointLinksResolver      : Exposing 5 endpoints beneath base path '/actuator'
2026-01-08T00:23:07.248Z  WARN 38608 --- [registo-horas-service] [main] .s.s.UserDetailsServiceAutoConfiguration : 

Using generated security password: bcbd433e-787b-4230-982b-6869b76ed39c

This generated password is for development use only. Your security configuration must be updated before running your application in production.

2026-01-08T00:23:07.255Z  INFO 38608 --- [registo-horas-service] [main] r$InitializeUserDetailsManagerConfigurer : Global AuthenticationManager configured with UserDetailsService bean with name inMemoryUserDetailsManager
2026-01-08T00:23:07.759Z  INFO 38608 --- [registo-horas-service] [main] o.s.b.w.embedded.tomcat.TomcatWebServer  : Tomcat started on port 8083 (http) with context path '/'
2026-01-08T00:23:07.770Z  INFO 38608 --- [registo-horas-service] [main] c.a.r.RegistoHorasServiceApplication     : Started RegistoHorasServiceApplication in 6.549 seconds (process running for 7.764)
2026-01-08T00:23:08.332Z  INFO 38608 --- [registo-horas-service] [RMI TCP Connection(4)-172.29.128.1] o.s.a.r.c.CachingConnectionFactory       : Attempting to connect to: [localhost:5672]
2026-01-08T00:23:08.332Z  INFO 38608 --- [registo-horas-service] [RMI TCP Connection(3)-172.29.128.1] o.a.c.c.C.[Tomcat].[localhost].[/]       : Initializing Spring DispatcherServlet 'dispatcherServlet'
2026-01-08T00:23:08.332Z  INFO 38608 --- [registo-horas-service] [RMI TCP Connection(3)-172.29.128.1] o.s.web.servlet.DispatcherServlet        : Initializing Servlet 'dispatcherServlet'
2026-01-08T00:23:08.334Z  INFO 38608 --- [registo-horas-service] [RMI TCP Connection(3)-172.29.128.1] o.s.web.servlet.DispatcherServlet        : Completed initialization in 2 ms
2026-01-08T00:23:08.379Z  INFO 38608 --- [registo-horas-service] [RMI TCP Connection(4)-172.29.128.1] o.s.a.r.c.CachingConnectionFactory       : Created new connection: rabbitConnectionFactory#2178325d:0/SimpleConnection@25accd65 [delegate=amqp://guest@127.0.0.1:5672/, localPort=53266]
2026-01-08T00:23:46.596Z  INFO 38608 --- [registo-horas-service] [http-nio-8083-exec-3] c.a.r.s.impl.TrainingPlanServiceImpl     :  Aprocura plano ativo e concluído na base para o utilizador: neto
2026-01-08T00:25:02.176Z  WARN 38608 --- [registo-horas-service] [HikariPool-1:housekeeper] com.zaxxer.hikari.pool.HikariPool        : HikariPool-1 - Thread starvation or clock leap detected (housekeeper delta=51s840ms794µs400ns).
2026-01-08T00:30:00.213Z  WARN 38608 --- [registo-horas-service] [HikariPool-1:housekeeper] com.zaxxer.hikari.pool.HikariPool        : HikariPool-1 - Thread starvation or clock leap detected (housekeeper delta=4m58s36ms423µs800ns).
2026-01-08T00:31:43.184Z  INFO 38608 --- [registo-horas-service] [http-nio-8083-exec-7] c.a.r.s.impl.TrainingPlanServiceImpl     :  Aprocura plano ativo e concluído na base para o utilizador: neto
2026-01-08T00:32:58.414Z  WARN 38608 --- [registo-horas-service] [HikariPool-1:housekeeper] com.zaxxer.hikari.pool.HikariPool        : HikariPool-1 - Thread starvation or clock leap detected (housekeeper delta=1m27s91ms289µs100ns).
2026-01-08T00:34:22.834Z  INFO 38608 --- [registo-horas-service] [SpringApplicationShutdownHook] o.s.b.w.e.tomcat.GracefulShutdown        : Commencing graceful shutdown. Waiting for active requests to complete
2026-01-08T00:34:22.835Z  INFO 38608 --- [registo-horas-service] [tomcat-shutdown] o.s.b.w.e.tomcat.GracefulShutdown        : Graceful shutdown complete
2026-01-08T00:34:24.916Z  INFO 38608 --- [registo-horas-service] [SpringApplicationShutdownHook] j.LocalContainerEntityManagerFactoryBean : Closing JPA EntityManagerFactory for persistence unit 'default'
2026-01-08T00:34:24.916Z  INFO 38608 --- [registo-horas-service] [SpringApplicationShutdownHook] com.zaxxer.hikari.HikariDataSource       : HikariPool-1 - Shutdown initiated...
2026-01-08T00:34:24.916Z  INFO 38608 --- [registo-horas-service] [SpringApplicationShutdownHook] com.zaxxer.hikari.HikariDataSource       : HikariPool-1 - Shutdown completed.
2026-01-08T00:34:28.176Z  INFO 34584 --- [registo-horas-service] [main] c.a.r.RegistoHorasServiceApplication     : Starting RegistoHorasServiceApplication using Java 23.0.1 with PID 34584 (D:\Exemplo projecto\microserviços\registo-horas-service\target\classes started by User in D:\Exemplo projecto\microserviços\registo-horas-service)
2026-01-08T00:34:28.177Z  INFO 34584 --- [registo-horas-service] [main] c.a.r.RegistoHorasServiceApplication     : The following 1 profile is active: "dev"
2026-01-08T00:34:29.077Z  INFO 34584 --- [registo-horas-service] [main] .s.d.r.c.RepositoryConfigurationDelegate : Bootstrapping Spring Data JPA repositories in DEFAULT mode.
2026-01-08T00:34:29.182Z  INFO 34584 --- [registo-horas-service] [main] .s.d.r.c.RepositoryConfigurationDelegate : Finished Spring Data repository scanning in 98 ms. Found 5 JPA repository interfaces.
2026-01-08T00:34:29.576Z  INFO 34584 --- [registo-horas-service] [main] o.s.b.w.embedded.tomcat.TomcatWebServer  : Tomcat initialized with port 8083 (http)
2026-01-08T00:34:29.585Z  INFO 34584 --- [registo-horas-service] [main] o.apache.catalina.core.StandardService   : Starting service [Tomcat]
2026-01-08T00:34:29.585Z  INFO 34584 --- [registo-horas-service] [main] o.apache.catalina.core.StandardEngine    : Starting Servlet engine: [Apache Tomcat/10.1.48]
2026-01-08T00:34:29.640Z  INFO 34584 --- [registo-horas-service] [main] o.a.c.c.C.[Tomcat].[localhost].[/]       : Initializing Spring embedded WebApplicationContext
2026-01-08T00:34:29.640Z  INFO 34584 --- [registo-horas-service] [main] w.s.c.ServletWebServerApplicationContext : Root WebApplicationContext: initialization completed in 1427 ms
2026-01-08T00:34:30.265Z  INFO 34584 --- [registo-horas-service] [main] o.hibernate.jpa.internal.util.LogHelper  : HHH000204: Processing PersistenceUnitInfo [name: default]
2026-01-08T00:34:30.300Z  INFO 34584 --- [registo-horas-service] [main] org.hibernate.Version                    : HHH000412: Hibernate ORM core version 6.6.33.Final
2026-01-08T00:34:30.322Z  INFO 34584 --- [registo-horas-service] [main] o.h.c.internal.RegionFactoryInitiator    : HHH000026: Second-level cache disabled
2026-01-08T00:34:30.527Z  INFO 34584 --- [registo-horas-service] [main] o.s.o.j.p.SpringPersistenceUnitInfo      : No LoadTimeWeaver setup: ignoring JPA class transformer
2026-01-08T00:34:30.548Z  INFO 34584 --- [registo-horas-service] [main] com.zaxxer.hikari.HikariDataSource       : HikariPool-1 - Starting...
2026-01-08T00:34:30.655Z  INFO 34584 --- [registo-horas-service] [main] com.zaxxer.hikari.pool.HikariPool        : HikariPool-1 - Added connection org.postgresql.jdbc.PgConnection@edf4973
2026-01-08T00:34:30.656Z  INFO 34584 --- [registo-horas-service] [main] com.zaxxer.hikari.HikariDataSource       : HikariPool-1 - Start completed.
2026-01-08T00:34:30.676Z  WARN 34584 --- [registo-horas-service] [main] org.hibernate.orm.deprecation            : HHH90000025: PostgreSQLDialect does not need to be specified explicitly using 'hibernate.dialect' (remove the property setting and it will be selected by default)
2026-01-08T00:34:30.692Z  INFO 34584 --- [registo-horas-service] [main] org.hibernate.orm.connections.pooling    : HHH10001005: Database info:
	Database JDBC URL [Connecting through datasource 'HikariDataSource (HikariPool-1)']
	Database driver: undefined/unknown
	Database version: 15.15
	Autocommit mode: undefined/unknown
	Isolation level: undefined/unknown
	Minimum pool size: undefined/unknown
	Maximum pool size: undefined/unknown
2026-01-08T00:34:31.373Z  INFO 34584 --- [registo-horas-service] [main] o.h.e.t.j.p.i.JtaPlatformInitiator       : HHH000489: No JTA platform available (set 'hibernate.transaction.jta.platform' to enable JTA platform integration)
2026-01-08T00:34:31.420Z  INFO 34584 --- [registo-horas-service] [main] j.LocalContainerEntityManagerFactoryBean : Initialized JPA EntityManagerFactory for persistence unit 'default'
2026-01-08T00:34:31.846Z  INFO 34584 --- [registo-horas-service] [main] o.s.d.j.r.query.QueryEnhancerFactory     : Hibernate is in classpath; If applicable, HQL parser will be used.
2026-01-08T00:34:33.283Z  INFO 34584 --- [registo-horas-service] [main] o.s.b.a.e.web.EndpointLinksResolver      : Exposing 5 endpoints beneath base path '/actuator'
2026-01-08T00:34:33.313Z  WARN 34584 --- [registo-horas-service] [main] .s.s.UserDetailsServiceAutoConfiguration : 

Using generated security password: 944cd27e-7962-4202-9bf0-f38a28ddcc74

This generated password is for development use only. Your security configuration must be updated before running your application in production.

2026-01-08T00:34:33.319Z  INFO 34584 --- [registo-horas-service] [main] r$InitializeUserDetailsManagerConfigurer : Global AuthenticationManager configured with UserDetailsService bean with name inMemoryUserDetailsManager
2026-01-08T00:34:33.770Z  INFO 34584 --- [registo-horas-service] [main] o.s.b.w.embedded.tomcat.TomcatWebServer  : Tomcat started on port 8083 (http) with context path '/'
2026-01-08T00:34:33.781Z  INFO 34584 --- [registo-horas-service] [main] c.a.r.RegistoHorasServiceApplication     : Started RegistoHorasServiceApplication in 5.973 seconds (process running for 6.533)
2026-01-08T00:34:34.021Z  INFO 34584 --- [registo-horas-service] [RMI TCP Connection(1)-172.29.128.1] o.s.a.r.c.CachingConnectionFactory       : Attempting to connect to: [localhost:5672]
2026-01-08T00:34:34.025Z  INFO 34584 --- [registo-horas-service] [RMI TCP Connection(3)-172.29.128.1] o.a.c.c.C.[Tomcat].[localhost].[/]       : Initializing Spring DispatcherServlet 'dispatcherServlet'
2026-01-08T00:34:34.026Z  INFO 34584 --- [registo-horas-service] [RMI TCP Connection(3)-172.29.128.1] o.s.web.servlet.DispatcherServlet        : Initializing Servlet 'dispatcherServlet'
2026-01-08T00:34:34.027Z  INFO 34584 --- [registo-horas-service] [RMI TCP Connection(3)-172.29.128.1] o.s.web.servlet.DispatcherServlet        : Completed initialization in 1 ms
2026-01-08T00:34:34.079Z  INFO 34584 --- [registo-horas-service] [RMI TCP Connection(1)-172.29.128.1] o.s.a.r.c.CachingConnectionFactory       : Created new connection: rabbitConnectionFactory#61725c0e:0/SimpleConnection@4eedacca [delegate=amqp://guest@127.0.0.1:5672/, localPort=49383]
2026-01-08T00:35:00.636Z  INFO 34584 --- [registo-horas-service] [http-nio-8083-exec-2] c.a.r.s.impl.TrainingPlanServiceImpl     :  Aprocura plano ativo e concluído na base para o utilizador: neto
2026-01-08T00:35:25.525Z  INFO 34584 --- [registo-horas-service] [http-nio-8083-exec-6] c.a.r.s.impl.TrainingPlanServiceImpl     :  Aprocura plano ativo e concluído na base para o utilizador: neto
2026-01-08T02:55:48.491Z ERROR 34584 --- [registo-horas-service] [http-nio-8083-exec-2] c.a.r.exception.GlobalExceptionHandler   : Acesso negado: Access Denied
2026-01-08T02:55:48.512Z ERROR 34584 --- [registo-horas-service] [http-nio-8083-exec-4] c.a.r.exception.GlobalExceptionHandler   : Acesso negado: Access Denied
2026-01-08T03:24:46.997Z  WARN 34584 --- [registo-horas-service] [HikariPool-1:housekeeper] com.zaxxer.hikari.pool.PoolBase          : HikariPool-1 - Failed to validate connection org.postgresql.jdbc.PgConnection@51211bc3 (This connection has been closed.). Possibly consider using a shorter maxLifetime value.
2026-01-08T03:24:51.995Z  INFO 34584 --- [registo-horas-service] [SpringApplicationShutdownHook] o.s.b.w.e.tomcat.GracefulShutdown        : Commencing graceful shutdown. Waiting for active requests to complete
2026-01-08T03:24:51.995Z  INFO 34584 --- [registo-horas-service] [tomcat-shutdown] o.s.b.w.e.tomcat.GracefulShutdown        : Graceful shutdown complete
2026-01-08T03:24:54.094Z  INFO 34584 --- [registo-horas-service] [SpringApplicationShutdownHook] j.LocalContainerEntityManagerFactoryBean : Closing JPA EntityManagerFactory for persistence unit 'default'
2026-01-08T03:24:54.099Z  INFO 34584 --- [registo-horas-service] [SpringApplicationShutdownHook] com.zaxxer.hikari.HikariDataSource       : HikariPool-1 - Shutdown initiated...
2026-01-08T03:24:57.611Z  INFO 34584 --- [registo-horas-service] [SpringApplicationShutdownHook] com.zaxxer.hikari.HikariDataSource       : HikariPool-1 - Shutdown completed.
